\BOOKMARK [0][-]{chapter.1}{Introduction}{}% 1
\BOOKMARK [1][-]{section.1.1}{Ordinary Differential Equation \(ODE\) and Initial Value Problems \(IVP\)}{chapter.1}% 2
\BOOKMARK [1][-]{section.1.2}{Examples}{chapter.1}% 3
\BOOKMARK [1][-]{section.1.3}{Visualization}{chapter.1}% 4
\BOOKMARK [2][-]{subsection.1.3.1}{Solution Portrait}{section.1.3}% 5
\BOOKMARK [2][-]{subsection.1.3.2}{Phase portrait}{section.1.3}% 6
\BOOKMARK [0][-]{chapter.2}{Existence and Uniqueness}{}% 7
\BOOKMARK [1][-]{section.2.1}{Picard iterates}{chapter.2}% 8
\BOOKMARK [1][-]{section.2.2}{Lipschitz continuity}{chapter.2}% 9
\BOOKMARK [2][-]{subsection.2.2.1}{Lipschitz continuity and the mean value theorem \(MVT\)}{section.2.2}% 10
\BOOKMARK [2][-]{subsection.2.2.2}{Lipschitz continuity and the mean value inequality}{section.2.2}% 11
\BOOKMARK [1][-]{section.2.3}{Picard-Lindel\366f theorem}{chapter.2}% 12
\BOOKMARK [1][-]{section.2.4}{Maximal solutions}{chapter.2}% 13
\BOOKMARK [1][-]{section.2.5}{General solutions and flows}{chapter.2}% 14
\BOOKMARK [2][-]{subsection.2.5.1}{General solutions}{section.2.5}% 15
\BOOKMARK [2][-]{subsection.2.5.2}{Flows}{section.2.5}% 16
\BOOKMARK [0][-]{chapter.3}{Linear Systems}{}% 17
\BOOKMARK [1][-]{section.3.1}{Matrix exponential function}{chapter.3}% 18
\BOOKMARK [1][-]{section.3.2}{Planar linear systems}{chapter.3}% 19
\BOOKMARK [1][-]{section.3.3}{Jordan normal form}{chapter.3}% 20
\BOOKMARK [1][-]{section.3.4}{Explicit representation of the matrix exponential function}{chapter.3}% 21
\BOOKMARK [1][-]{section.3.5}{Exponential growth behaviour}{chapter.3}% 22
\BOOKMARK [1][-]{section.3.6}{Variation of constants formula}{chapter.3}% 23
\BOOKMARK [0][-]{chapter.4}{Nonlinear systems}{}% 24
\BOOKMARK [1][-]{section.4.1}{Stability}{chapter.4}% 25
\BOOKMARK [2][-]{subsection.4.1.1}{Basic definition}{section.4.1}% 26
\BOOKMARK [2][-]{subsection.4.1.2}{Stability of linear systems}{section.4.1}% 27
\BOOKMARK [2][-]{subsection.4.1.3}{Hyperbolicity}{section.4.1}% 28
\BOOKMARK [2][-]{subsection.4.1.4}{Linearised stability}{section.4.1}% 29
\BOOKMARK [2][-]{subsection.4.1.5}{Stable and unstable sets, invariant sets}{section.4.1}% 30
\BOOKMARK [1][-]{section.4.2}{Limit sets}{chapter.4}% 31
\BOOKMARK [1][-]{section.4.3}{Lyapunov functions}{chapter.4}% 32
\BOOKMARK [1][-]{section.4.4}{Poincar\351-Bendixson theorem}{chapter.4}% 33
